{"__type":"$$EventMessageAudit","id":"3cf76634-b318-4bb4-b741-e7eeb1f80c51","ts":"2025-04-18T08:58:11.929+00:00","eventName":"n8n.audit.workflow.created","message":"n8n.audit.workflow.created","payload":{"userId":"5d859ad4-4ce7-4d55-bcde-887fdeee3b66","_email":"deduar@gmail.com","_firstName":"Eduardo","_lastName":"Diez","globalRole":"global:owner","workflowId":"xYeeWrCzp7YhStvD","workflowName":"My workflow"}}
{"__type":"$$EventMessageConfirm","confirm":"3cf76634-b318-4bb4-b741-e7eeb1f80c51","ts":"2025-04-18T08:58:11.943+00:00","source":{"id":"0","name":"eventBus"}}
{"__type":"$$EventMessageAudit","id":"4407a596-bde9-494e-b41a-e2872c0da474","ts":"2025-04-18T05:05:21.903-04:00","eventName":"n8n.audit.user.credentials.created","message":"n8n.audit.user.credentials.created","payload":{"userId":"5d859ad4-4ce7-4d55-bcde-887fdeee3b66","_email":"deduar@gmail.com","_firstName":"Eduardo","_lastName":"Diez","globalRole":"global:owner","credentialType":"googleDriveOAuth2Api","credentialId":"BHJaIDrc1EsOtY1s","publicApi":false,"projectId":"h2UgSmuJk56HPLCQ","projectType":"personal"}}
{"__type":"$$EventMessageConfirm","confirm":"4407a596-bde9-494e-b41a-e2872c0da474","ts":"2025-04-18T05:05:21.903-04:00","source":{"id":"0","name":"eventBus"}}
{"__type":"$$EventMessageAudit","id":"b8b27154-2019-4767-8bf9-a1afd466e8a6","ts":"2025-04-18T05:17:00.345-04:00","eventName":"n8n.audit.workflow.updated","message":"n8n.audit.workflow.updated","payload":{"userId":"5d859ad4-4ce7-4d55-bcde-887fdeee3b66","_email":"deduar@gmail.com","_firstName":"Eduardo","_lastName":"Diez","globalRole":"global:owner","workflowId":"xYeeWrCzp7YhStvD","workflowName":"My workflow"}}
{"__type":"$$EventMessageConfirm","confirm":"b8b27154-2019-4767-8bf9-a1afd466e8a6","ts":"2025-04-18T05:17:00.346-04:00","source":{"id":"0","name":"eventBus"}}
{"__type":"$$EventMessageAudit","id":"c5cdc1ed-2b29-441b-9c27-68deff103e35","ts":"2025-04-18T05:47:55.609-04:00","eventName":"n8n.audit.user.credentials.updated","message":"n8n.audit.user.credentials.updated","payload":{"userId":"5d859ad4-4ce7-4d55-bcde-887fdeee3b66","_email":"deduar@gmail.com","_firstName":"Eduardo","_lastName":"Diez","globalRole":"global:owner","credentialType":"googleDriveOAuth2Api","credentialId":"BHJaIDrc1EsOtY1s"}}
{"__type":"$$EventMessageConfirm","confirm":"c5cdc1ed-2b29-441b-9c27-68deff103e35","ts":"2025-04-18T05:47:55.609-04:00","source":{"id":"0","name":"eventBus"}}
{"__type":"$$EventMessageAudit","id":"f1e7d1ac-447a-44cb-80f3-dde07e47df39","ts":"2025-04-18T05:48:28.083-04:00","eventName":"n8n.audit.user.credentials.updated","message":"n8n.audit.user.credentials.updated","payload":{"userId":"5d859ad4-4ce7-4d55-bcde-887fdeee3b66","_email":"deduar@gmail.com","_firstName":"Eduardo","_lastName":"Diez","globalRole":"global:owner","credentialType":"googleDriveOAuth2Api","credentialId":"BHJaIDrc1EsOtY1s"}}
{"__type":"$$EventMessageConfirm","confirm":"f1e7d1ac-447a-44cb-80f3-dde07e47df39","ts":"2025-04-18T05:48:28.083-04:00","source":{"id":"0","name":"eventBus"}}
{"__type":"$$EventMessageAudit","id":"f69f1fbf-c1df-4164-a58f-b2b458a2b048","ts":"2025-04-18T05:49:30.381-04:00","eventName":"n8n.audit.user.credentials.updated","message":"n8n.audit.user.credentials.updated","payload":{"userId":"5d859ad4-4ce7-4d55-bcde-887fdeee3b66","_email":"deduar@gmail.com","_firstName":"Eduardo","_lastName":"Diez","globalRole":"global:owner","credentialType":"googleDriveOAuth2Api","credentialId":"BHJaIDrc1EsOtY1s"}}
{"__type":"$$EventMessageConfirm","confirm":"f69f1fbf-c1df-4164-a58f-b2b458a2b048","ts":"2025-04-18T05:49:30.381-04:00","source":{"id":"0","name":"eventBus"}}
{"__type":"$$EventMessageAudit","id":"4713c380-e59d-4317-96f9-a4f0fa73ccaa","ts":"2025-04-18T05:50:30.903-04:00","eventName":"n8n.audit.user.credentials.updated","message":"n8n.audit.user.credentials.updated","payload":{"userId":"5d859ad4-4ce7-4d55-bcde-887fdeee3b66","_email":"deduar@gmail.com","_firstName":"Eduardo","_lastName":"Diez","globalRole":"global:owner","credentialType":"googleDriveOAuth2Api","credentialId":"BHJaIDrc1EsOtY1s"}}
{"__type":"$$EventMessageConfirm","confirm":"4713c380-e59d-4317-96f9-a4f0fa73ccaa","ts":"2025-04-18T05:50:30.903-04:00","source":{"id":"0","name":"eventBus"}}
{"__type":"$$EventMessageAudit","id":"f2e024fa-da15-45e0-afb8-bd58e019ee50","ts":"2025-04-18T05:57:50.185-04:00","eventName":"n8n.audit.user.credentials.updated","message":"n8n.audit.user.credentials.updated","payload":{"userId":"5d859ad4-4ce7-4d55-bcde-887fdeee3b66","_email":"deduar@gmail.com","_firstName":"Eduardo","_lastName":"Diez","globalRole":"global:owner","credentialType":"googleDriveOAuth2Api","credentialId":"BHJaIDrc1EsOtY1s"}}
{"__type":"$$EventMessageConfirm","confirm":"f2e024fa-da15-45e0-afb8-bd58e019ee50","ts":"2025-04-18T05:57:50.185-04:00","source":{"id":"0","name":"eventBus"}}
{"__type":"$$EventMessageAudit","id":"6af54b28-c7be-4a26-9536-f009c512d182","ts":"2025-04-18T05:58:01.100-04:00","eventName":"n8n.audit.user.credentials.updated","message":"n8n.audit.user.credentials.updated","payload":{"userId":"5d859ad4-4ce7-4d55-bcde-887fdeee3b66","_email":"deduar@gmail.com","_firstName":"Eduardo","_lastName":"Diez","globalRole":"global:owner","credentialType":"googleDriveOAuth2Api","credentialId":"BHJaIDrc1EsOtY1s"}}
{"__type":"$$EventMessageConfirm","confirm":"6af54b28-c7be-4a26-9536-f009c512d182","ts":"2025-04-18T05:58:01.101-04:00","source":{"id":"0","name":"eventBus"}}
{"__type":"$$EventMessageAudit","id":"fbfbf0e2-6be7-4d7e-bb92-d585136136ef","ts":"2025-04-18T05:58:35.295-04:00","eventName":"n8n.audit.user.credentials.updated","message":"n8n.audit.user.credentials.updated","payload":{"userId":"5d859ad4-4ce7-4d55-bcde-887fdeee3b66","_email":"deduar@gmail.com","_firstName":"Eduardo","_lastName":"Diez","globalRole":"global:owner","credentialType":"googleDriveOAuth2Api","credentialId":"BHJaIDrc1EsOtY1s"}}
{"__type":"$$EventMessageConfirm","confirm":"fbfbf0e2-6be7-4d7e-bb92-d585136136ef","ts":"2025-04-18T05:58:35.295-04:00","source":{"id":"0","name":"eventBus"}}
{"__type":"$$EventMessageAudit","id":"8b8ef731-5b3d-4e1e-83b6-1113bbaea597","ts":"2025-04-18T05:58:44.757-04:00","eventName":"n8n.audit.user.credentials.updated","message":"n8n.audit.user.credentials.updated","payload":{"userId":"5d859ad4-4ce7-4d55-bcde-887fdeee3b66","_email":"deduar@gmail.com","_firstName":"Eduardo","_lastName":"Diez","globalRole":"global:owner","credentialType":"googleDriveOAuth2Api","credentialId":"BHJaIDrc1EsOtY1s"}}
{"__type":"$$EventMessageConfirm","confirm":"8b8ef731-5b3d-4e1e-83b6-1113bbaea597","ts":"2025-04-18T05:58:44.757-04:00","source":{"id":"0","name":"eventBus"}}
{"__type":"$$EventMessageAudit","id":"39f73092-0111-4b2c-bce8-8efc29873548","ts":"2025-04-18T05:59:17.740-04:00","eventName":"n8n.audit.user.credentials.updated","message":"n8n.audit.user.credentials.updated","payload":{"userId":"5d859ad4-4ce7-4d55-bcde-887fdeee3b66","_email":"deduar@gmail.com","_firstName":"Eduardo","_lastName":"Diez","globalRole":"global:owner","credentialType":"googleDriveOAuth2Api","credentialId":"BHJaIDrc1EsOtY1s"}}
{"__type":"$$EventMessageConfirm","confirm":"39f73092-0111-4b2c-bce8-8efc29873548","ts":"2025-04-18T05:59:17.740-04:00","source":{"id":"0","name":"eventBus"}}
{"__type":"$$EventMessageAudit","id":"12ad25a1-20d9-4998-b91a-d656c28b1f2c","ts":"2025-04-18T06:00:35.167-04:00","eventName":"n8n.audit.user.credentials.updated","message":"n8n.audit.user.credentials.updated","payload":{"userId":"5d859ad4-4ce7-4d55-bcde-887fdeee3b66","_email":"deduar@gmail.com","_firstName":"Eduardo","_lastName":"Diez","globalRole":"global:owner","credentialType":"googleDriveOAuth2Api","credentialId":"BHJaIDrc1EsOtY1s"}}
{"__type":"$$EventMessageConfirm","confirm":"12ad25a1-20d9-4998-b91a-d656c28b1f2c","ts":"2025-04-18T06:00:35.167-04:00","source":{"id":"0","name":"eventBus"}}
{"__type":"$$EventMessageAudit","id":"a6ce69c2-f322-4532-a693-4aa223136a46","ts":"2025-04-18T06:01:22.478-04:00","eventName":"n8n.audit.user.credentials.updated","message":"n8n.audit.user.credentials.updated","payload":{"userId":"5d859ad4-4ce7-4d55-bcde-887fdeee3b66","_email":"deduar@gmail.com","_firstName":"Eduardo","_lastName":"Diez","globalRole":"global:owner","credentialType":"googleDriveOAuth2Api","credentialId":"BHJaIDrc1EsOtY1s"}}
{"__type":"$$EventMessageConfirm","confirm":"a6ce69c2-f322-4532-a693-4aa223136a46","ts":"2025-04-18T06:01:22.478-04:00","source":{"id":"0","name":"eventBus"}}
{"__type":"$$EventMessageAudit","id":"69287fbd-6c24-40f2-b82b-7bfc85b9410c","ts":"2025-04-18T06:02:08.964-04:00","eventName":"n8n.audit.user.credentials.updated","message":"n8n.audit.user.credentials.updated","payload":{"userId":"5d859ad4-4ce7-4d55-bcde-887fdeee3b66","_email":"deduar@gmail.com","_firstName":"Eduardo","_lastName":"Diez","globalRole":"global:owner","credentialType":"googleDriveOAuth2Api","credentialId":"BHJaIDrc1EsOtY1s"}}
{"__type":"$$EventMessageConfirm","confirm":"69287fbd-6c24-40f2-b82b-7bfc85b9410c","ts":"2025-04-18T06:02:08.964-04:00","source":{"id":"0","name":"eventBus"}}
{"__type":"$$EventMessageAudit","id":"fbd64052-03d1-4b37-992b-a1d677704707","ts":"2025-04-18T06:03:46.317-04:00","eventName":"n8n.audit.user.credentials.updated","message":"n8n.audit.user.credentials.updated","payload":{"userId":"5d859ad4-4ce7-4d55-bcde-887fdeee3b66","_email":"deduar@gmail.com","_firstName":"Eduardo","_lastName":"Diez","globalRole":"global:owner","credentialType":"googleDriveOAuth2Api","credentialId":"BHJaIDrc1EsOtY1s"}}
{"__type":"$$EventMessageConfirm","confirm":"fbd64052-03d1-4b37-992b-a1d677704707","ts":"2025-04-18T06:03:46.317-04:00","source":{"id":"0","name":"eventBus"}}
{"__type":"$$EventMessageAudit","id":"79667833-7d08-4031-af7d-5c7b8e2545d7","ts":"2025-04-18T06:12:13.926-04:00","eventName":"n8n.audit.user.credentials.updated","message":"n8n.audit.user.credentials.updated","payload":{"userId":"5d859ad4-4ce7-4d55-bcde-887fdeee3b66","_email":"deduar@gmail.com","_firstName":"Eduardo","_lastName":"Diez","globalRole":"global:owner","credentialType":"googleDriveOAuth2Api","credentialId":"BHJaIDrc1EsOtY1s"}}
{"__type":"$$EventMessageConfirm","confirm":"79667833-7d08-4031-af7d-5c7b8e2545d7","ts":"2025-04-18T06:12:13.927-04:00","source":{"id":"0","name":"eventBus"}}
{"__type":"$$EventMessageAudit","id":"921cb13c-1a7a-4036-8a05-4933b3330af6","ts":"2025-04-18T06:25:24.624-04:00","eventName":"n8n.audit.user.credentials.updated","message":"n8n.audit.user.credentials.updated","payload":{"userId":"5d859ad4-4ce7-4d55-bcde-887fdeee3b66","_email":"deduar@gmail.com","_firstName":"Eduardo","_lastName":"Diez","globalRole":"global:owner","credentialType":"googleDriveOAuth2Api","credentialId":"BHJaIDrc1EsOtY1s"}}
{"__type":"$$EventMessageConfirm","confirm":"921cb13c-1a7a-4036-8a05-4933b3330af6","ts":"2025-04-18T06:25:24.624-04:00","source":{"id":"0","name":"eventBus"}}
{"__type":"$$EventMessageAudit","id":"2f7b2f72-fd41-48bb-84f7-38b0c797f02b","ts":"2025-04-18T06:27:22.699-04:00","eventName":"n8n.audit.user.credentials.updated","message":"n8n.audit.user.credentials.updated","payload":{"userId":"5d859ad4-4ce7-4d55-bcde-887fdeee3b66","_email":"deduar@gmail.com","_firstName":"Eduardo","_lastName":"Diez","globalRole":"global:owner","credentialType":"googleDriveOAuth2Api","credentialId":"BHJaIDrc1EsOtY1s"}}
{"__type":"$$EventMessageConfirm","confirm":"2f7b2f72-fd41-48bb-84f7-38b0c797f02b","ts":"2025-04-18T06:27:22.699-04:00","source":{"id":"0","name":"eventBus"}}
{"__type":"$$EventMessageAudit","id":"76252254-f03b-433f-a018-21ca31b3e23b","ts":"2025-04-18T06:30:27.029-04:00","eventName":"n8n.audit.user.credentials.created","message":"n8n.audit.user.credentials.created","payload":{"userId":"5d859ad4-4ce7-4d55-bcde-887fdeee3b66","_email":"deduar@gmail.com","_firstName":"Eduardo","_lastName":"Diez","globalRole":"global:owner","credentialType":"httpBearerAuth","credentialId":"PdigR03LcdwGm3pQ","publicApi":false,"projectId":"h2UgSmuJk56HPLCQ","projectType":"personal"}}
{"__type":"$$EventMessageConfirm","confirm":"76252254-f03b-433f-a018-21ca31b3e23b","ts":"2025-04-18T06:30:27.029-04:00","source":{"id":"0","name":"eventBus"}}
{"__type":"$$EventMessageAudit","id":"1edde968-bade-41ec-aacf-bcca7695de1f","ts":"2025-04-18T06:30:31.821-04:00","eventName":"n8n.audit.user.credentials.deleted","message":"n8n.audit.user.credentials.deleted","payload":{"userId":"5d859ad4-4ce7-4d55-bcde-887fdeee3b66","_email":"deduar@gmail.com","_firstName":"Eduardo","_lastName":"Diez","globalRole":"global:owner","credentialType":"httpBearerAuth","credentialId":"PdigR03LcdwGm3pQ"}}
{"__type":"$$EventMessageConfirm","confirm":"1edde968-bade-41ec-aacf-bcca7695de1f","ts":"2025-04-18T06:30:31.822-04:00","source":{"id":"0","name":"eventBus"}}
{"__type":"$$EventMessageAudit","id":"7bba6757-8e2e-45b0-ac8c-fdd80da32339","ts":"2025-04-18T06:41:42.427-04:00","eventName":"n8n.audit.workflow.updated","message":"n8n.audit.workflow.updated","payload":{"userId":"5d859ad4-4ce7-4d55-bcde-887fdeee3b66","_email":"deduar@gmail.com","_firstName":"Eduardo","_lastName":"Diez","globalRole":"global:owner","workflowId":"xYeeWrCzp7YhStvD","workflowName":"My workflow"}}
{"__type":"$$EventMessageConfirm","confirm":"7bba6757-8e2e-45b0-ac8c-fdd80da32339","ts":"2025-04-18T06:41:42.427-04:00","source":{"id":"0","name":"eventBus"}}
{"__type":"$$EventMessageAudit","id":"f9b3b976-8282-441a-9695-8a9fa2d1d95c","ts":"2025-04-18T06:42:15.153-04:00","eventName":"n8n.audit.workflow.updated","message":"n8n.audit.workflow.updated","payload":{"userId":"5d859ad4-4ce7-4d55-bcde-887fdeee3b66","_email":"deduar@gmail.com","_firstName":"Eduardo","_lastName":"Diez","globalRole":"global:owner","workflowId":"xYeeWrCzp7YhStvD","workflowName":"My workflow"}}
{"__type":"$$EventMessageConfirm","confirm":"f9b3b976-8282-441a-9695-8a9fa2d1d95c","ts":"2025-04-18T06:42:15.154-04:00","source":{"id":"0","name":"eventBus"}}
{"__type":"$$EventMessageAudit","id":"d44c503f-30c1-4801-839a-659eae1530aa","ts":"2025-04-18T06:42:17.493-04:00","eventName":"n8n.audit.workflow.updated","message":"n8n.audit.workflow.updated","payload":{"userId":"5d859ad4-4ce7-4d55-bcde-887fdeee3b66","_email":"deduar@gmail.com","_firstName":"Eduardo","_lastName":"Diez","globalRole":"global:owner","workflowId":"xYeeWrCzp7YhStvD","workflowName":"My workflow"}}
{"__type":"$$EventMessageConfirm","confirm":"d44c503f-30c1-4801-839a-659eae1530aa","ts":"2025-04-18T06:42:17.493-04:00","source":{"id":"0","name":"eventBus"}}
{"__type":"$$EventMessageAudit","id":"37422e27-c04a-4dc8-90cf-138887d395d5","ts":"2025-04-18T06:42:19.459-04:00","eventName":"n8n.audit.workflow.updated","message":"n8n.audit.workflow.updated","payload":{"userId":"5d859ad4-4ce7-4d55-bcde-887fdeee3b66","_email":"deduar@gmail.com","_firstName":"Eduardo","_lastName":"Diez","globalRole":"global:owner","workflowId":"xYeeWrCzp7YhStvD","workflowName":"My workflow"}}
{"__type":"$$EventMessageConfirm","confirm":"37422e27-c04a-4dc8-90cf-138887d395d5","ts":"2025-04-18T06:42:19.459-04:00","source":{"id":"0","name":"eventBus"}}
{"__type":"$$EventMessageAudit","id":"58f67ecc-78e7-4147-b317-9f3123534725","ts":"2025-04-18T06:44:31.238-04:00","eventName":"n8n.audit.user.credentials.updated","message":"n8n.audit.user.credentials.updated","payload":{"userId":"5d859ad4-4ce7-4d55-bcde-887fdeee3b66","_email":"deduar@gmail.com","_firstName":"Eduardo","_lastName":"Diez","globalRole":"global:owner","credentialType":"googleDriveOAuth2Api","credentialId":"BHJaIDrc1EsOtY1s"}}
{"__type":"$$EventMessageConfirm","confirm":"58f67ecc-78e7-4147-b317-9f3123534725","ts":"2025-04-18T06:44:31.238-04:00","source":{"id":"0","name":"eventBus"}}
